[2022-02-20 11:52:22] app.INFO: Protect vendor folder in module contactform [] []
[2022-02-20 11:52:22] app.INFO: Module contactform has no vendor folder [] []
[2022-02-20 11:52:23] app.INFO: Protect vendor folder in module dashactivity [] []
[2022-02-20 11:52:23] app.INFO: Module dashactivity has no vendor folder [] []
[2022-02-20 11:52:23] app.INFO: Protect vendor folder in module dashgoals [] []
[2022-02-20 11:52:23] app.INFO: Module dashgoals has no vendor folder [] []
[2022-02-20 11:52:23] app.INFO: Protect vendor folder in module dashproducts [] []
[2022-02-20 11:52:23] app.INFO: Module dashproducts has no vendor folder [] []
[2022-02-20 11:52:24] app.INFO: Protect vendor folder in module dashtrends [] []
[2022-02-20 11:52:24] app.INFO: Module dashtrends has no vendor folder [] []
[2022-02-20 11:52:24] app.INFO: Protect vendor folder in module graphnvd3 [] []
[2022-02-20 11:52:24] app.INFO: Module graphnvd3 has no vendor folder [] []
[2022-02-20 11:52:24] app.INFO: Protect vendor folder in module gridhtml [] []
[2022-02-20 11:52:24] app.INFO: Module gridhtml has no vendor folder [] []
[2022-02-20 11:52:24] app.INFO: Protect vendor folder in module gsitemap [] []
[2022-02-20 11:52:24] app.INFO: Module gsitemap has no vendor folder [] []
[2022-02-20 11:52:24] app.INFO: Protect vendor folder in module pagesnotfound [] []
[2022-02-20 11:52:24] app.INFO: Module pagesnotfound has no vendor folder [] []
[2022-02-20 11:52:25] app.INFO: Protect vendor folder in module productcomments [] []
[2022-02-20 11:52:25] app.INFO: Module productcomments has no vendor folder [] []
[2022-02-20 11:52:25] app.INFO: Protect vendor folder in module ps_banner [] []
[2022-02-20 11:52:25] app.INFO: Module ps_banner has no vendor folder [] []
[2022-02-20 11:52:25] app.INFO: Protect vendor folder in module ps_categorytree [] []
[2022-02-20 11:52:25] app.INFO: Module ps_categorytree has no vendor folder [] []
[2022-02-20 11:52:25] app.INFO: Protect vendor folder in module ps_checkpayment [] []
[2022-02-20 11:52:26] app.INFO: Module ps_checkpayment has no vendor folder [] []
[2022-02-20 11:52:26] app.INFO: Protect vendor folder in module ps_contactinfo [] []
[2022-02-20 11:52:26] app.INFO: Module ps_contactinfo has no vendor folder [] []
[2022-02-20 11:52:26] app.INFO: Protect vendor folder in module ps_crossselling [] []
[2022-02-20 11:52:26] app.INFO: Module ps_crossselling has no vendor folder [] []
[2022-02-20 11:52:26] app.INFO: Protect vendor folder in module ps_currencyselector [] []
[2022-02-20 11:52:26] app.INFO: Module ps_currencyselector has no vendor folder [] []
[2022-02-20 11:52:26] app.INFO: Protect vendor folder in module ps_customeraccountlinks [] []
[2022-02-20 11:52:26] app.INFO: Module ps_customeraccountlinks has no vendor folder [] []
[2022-02-20 11:52:26] app.INFO: Protect vendor folder in module ps_customersignin [] []
[2022-02-20 11:52:26] app.INFO: Module ps_customersignin has no vendor folder [] []
[2022-02-20 11:52:26] app.INFO: Protect vendor folder in module ps_customtext [] []
[2022-02-20 11:52:26] app.INFO: Module ps_customtext has no vendor folder [] []
[2022-02-20 11:52:27] app.INFO: Protect vendor folder in module ps_dataprivacy [] []
[2022-02-20 11:52:27] app.INFO: Module ps_dataprivacy has no vendor folder [] []
[2022-02-20 11:52:27] app.INFO: Protect vendor folder in module ps_emailsubscription [] []
[2022-02-20 11:52:27] app.INFO: Module ps_emailsubscription has no vendor folder [] []
[2022-02-20 11:52:28] app.INFO: Protect vendor folder in module ps_facetedsearch [] []
[2022-02-20 11:52:28] app.INFO: Module ps_facetedsearch has no vendor folder [] []
[2022-02-20 11:52:29] app.INFO: Protect vendor folder in module ps_faviconnotificationbo [] []
[2022-02-20 11:52:29] app.INFO: Module ps_faviconnotificationbo has no vendor folder [] []
[2022-02-20 11:52:29] app.INFO: Protect vendor folder in module ps_featuredproducts [] []
[2022-02-20 11:52:29] app.INFO: Module ps_featuredproducts has no vendor folder [] []
[2022-02-20 11:52:29] app.INFO: Protect vendor folder in module ps_imageslider [] []
[2022-02-20 11:52:29] app.INFO: Module ps_imageslider has no vendor folder [] []
[2022-02-20 11:52:29] app.INFO: Protect vendor folder in module ps_languageselector [] []
[2022-02-20 11:52:29] app.INFO: Module ps_languageselector has no vendor folder [] []
[2022-02-20 11:52:30] app.INFO: Protect vendor folder in module ps_linklist [] []
[2022-02-20 11:52:30] app.INFO: Module ps_linklist has no vendor folder [] []
[2022-02-20 11:52:30] app.ERROR: Cannot register tab "AdminLinkWidget" because it already exists [] []
[2022-02-20 11:52:31] app.INFO: Protect vendor folder in module ps_mainmenu [] []
[2022-02-20 11:52:31] app.INFO: Module ps_mainmenu has no vendor folder [] []
[2022-02-20 11:52:31] app.INFO: Protect vendor folder in module ps_searchbar [] []
[2022-02-20 11:52:31] app.INFO: Module ps_searchbar has no vendor folder [] []
[2022-02-20 11:52:31] app.INFO: Protect vendor folder in module ps_sharebuttons [] []
[2022-02-20 11:52:31] app.INFO: Module ps_sharebuttons has no vendor folder [] []
[2022-02-20 11:52:31] app.INFO: Protect vendor folder in module ps_shoppingcart [] []
[2022-02-20 11:52:31] app.INFO: Module ps_shoppingcart has no vendor folder [] []
[2022-02-20 11:52:31] app.INFO: Protect vendor folder in module ps_socialfollow [] []
[2022-02-20 11:52:31] app.INFO: Module ps_socialfollow has no vendor folder [] []
[2022-02-20 11:52:32] app.INFO: Protect vendor folder in module ps_themecusto [] []
[2022-02-20 11:52:32] app.INFO: Module ps_themecusto has no vendor folder [] []
[2022-02-20 11:52:32] app.INFO: Protect vendor folder in module ps_wirepayment [] []
[2022-02-20 11:52:32] app.INFO: Module ps_wirepayment has no vendor folder [] []
[2022-02-20 11:52:32] app.INFO: Protect vendor folder in module sekeywords [] []
[2022-02-20 11:52:32] app.INFO: Module sekeywords has no vendor folder [] []
[2022-02-20 11:52:32] app.INFO: Protect vendor folder in module statsbestcategories [] []
[2022-02-20 11:52:32] app.INFO: Module statsbestcategories has no vendor folder [] []
[2022-02-20 11:52:32] app.INFO: Protect vendor folder in module statsbestcustomers [] []
[2022-02-20 11:52:32] app.INFO: Module statsbestcustomers has no vendor folder [] []
[2022-02-20 11:52:32] app.INFO: Protect vendor folder in module statsbestproducts [] []
[2022-02-20 11:52:32] app.INFO: Module statsbestproducts has no vendor folder [] []
[2022-02-20 11:52:32] app.INFO: Protect vendor folder in module statsbestsuppliers [] []
[2022-02-20 11:52:32] app.INFO: Module statsbestsuppliers has no vendor folder [] []
[2022-02-20 11:52:32] app.INFO: Protect vendor folder in module statsbestvouchers [] []
[2022-02-20 11:52:32] app.INFO: Module statsbestvouchers has no vendor folder [] []
[2022-02-20 11:52:33] app.INFO: Protect vendor folder in module statscarrier [] []
[2022-02-20 11:52:33] app.INFO: Module statscarrier has no vendor folder [] []
[2022-02-20 11:52:33] app.INFO: Protect vendor folder in module statscatalog [] []
[2022-02-20 11:52:33] app.INFO: Module statscatalog has no vendor folder [] []
[2022-02-20 11:52:33] app.INFO: Protect vendor folder in module statscheckup [] []
[2022-02-20 11:52:33] app.INFO: Module statscheckup has no vendor folder [] []
[2022-02-20 11:52:33] app.INFO: Protect vendor folder in module statsdata [] []
[2022-02-20 11:52:33] app.INFO: Module statsdata has no vendor folder [] []
[2022-02-20 11:52:33] app.INFO: Protect vendor folder in module statsequipment [] []
[2022-02-20 11:52:33] app.INFO: Module statsequipment has no vendor folder [] []
[2022-02-20 11:52:34] app.INFO: Protect vendor folder in module statsforecast [] []
[2022-02-20 11:52:34] app.INFO: Module statsforecast has no vendor folder [] []
[2022-02-20 11:52:34] app.INFO: Protect vendor folder in module statslive [] []
[2022-02-20 11:52:34] app.INFO: Module statslive has no vendor folder [] []
[2022-02-20 11:52:34] app.INFO: Protect vendor folder in module statsnewsletter [] []
[2022-02-20 11:52:34] app.INFO: Module statsnewsletter has no vendor folder [] []
[2022-02-20 11:52:34] app.INFO: Protect vendor folder in module statsorigin [] []
[2022-02-20 11:52:34] app.INFO: Module statsorigin has no vendor folder [] []
[2022-02-20 11:52:34] app.INFO: Protect vendor folder in module statspersonalinfos [] []
[2022-02-20 11:52:34] app.INFO: Module statspersonalinfos has no vendor folder [] []
[2022-02-20 11:52:34] app.INFO: Protect vendor folder in module statsproduct [] []
[2022-02-20 11:52:34] app.INFO: Module statsproduct has no vendor folder [] []
[2022-02-20 11:52:34] app.INFO: Protect vendor folder in module statsregistrations [] []
[2022-02-20 11:52:34] app.INFO: Module statsregistrations has no vendor folder [] []
[2022-02-20 11:52:35] app.INFO: Protect vendor folder in module statssales [] []
[2022-02-20 11:52:35] app.INFO: Module statssales has no vendor folder [] []
[2022-02-20 11:52:35] app.INFO: Protect vendor folder in module statssearch [] []
[2022-02-20 11:52:35] app.INFO: Module statssearch has no vendor folder [] []
[2022-02-20 11:52:35] app.INFO: Protect vendor folder in module statsstock [] []
[2022-02-20 11:52:35] app.INFO: Module statsstock has no vendor folder [] []
[2022-02-20 11:52:35] app.INFO: Protect vendor folder in module statsvisits [] []
[2022-02-20 11:52:35] app.INFO: Module statsvisits has no vendor folder [] []
[2022-02-20 11:52:35] app.INFO: Protect vendor folder in module welcome [] []
[2022-02-20 11:52:35] app.INFO: Module welcome has no vendor folder [] []
[2022-02-20 11:52:36] app.INFO: Exporting mail with theme modern for language Français (French) [] []
[2022-02-20 11:52:36] app.INFO: Core output folder: C:\wamp\www\prestashop/mails [] []
[2022-02-20 11:52:36] app.INFO: Modules output folder: C:\wamp\www\prestashop/modules/ [] []
[2022-02-20 11:52:38] app.INFO: Exporting mail with theme modern for language ‫العربية (Arabic) [] []
[2022-02-20 11:52:38] app.INFO: Core output folder: C:\wamp\www\prestashop/mails [] []
[2022-02-20 11:52:38] app.INFO: Modules output folder: C:\wamp\www\prestashop/modules/ [] []
[2022-02-20 13:17:08] request.CRITICAL: Uncaught PHP Exception Symfony\Component\Debug\Exception\FatalErrorException: "Error: Maximum execution time of 120 seconds exceeded" at C:\wamp\www\prestashop\classes\Tools.php line 2171 {"exception":"[object] (Symfony\\Component\\Debug\\Exception\\FatalErrorException(code: 0): Error: Maximum execution time of 120 seconds exceeded at C:\\wamp\\www\\prestashop\\classes\\Tools.php:2171)"} []
[2022-02-20 13:28:06] request.INFO: Matched route "admin_system_information_check_files". {"route":"admin_system_information_check_files","route_parameters":{"_controller":"PrestaShopBundle\\Controller\\Admin\\Configure\\AdvancedParameters\\SystemInformationController::displayCheckFilesAction","_legacy_controller":"AdminInformation","_legacy_link":"AdminInformation:checkFiles","_route":"admin_system_information_check_files"},"request_uri":"http://localhost/prestashop/admin330dmdugp/index.php/configure/advanced/system-information/files?_token=av2SyiMDxKWN63Xu7lv43gM2W3hc5l-hrR_FvcZW1Lk","method":"POST"} []
[2022-02-20 13:28:06] security.DEBUG: Read existing security token from the session. {"key":"_security_main","token_class":"Symfony\\Component\\Security\\Core\\Authentication\\Token\\UsernamePasswordToken"} []
[2022-02-20 13:28:06] security.DEBUG: User was reloaded from a user provider. {"provider":"PrestaShopBundle\\Security\\Admin\\EmployeeProvider","username":"soniabahri417@gmail.com"} []
[2022-02-20 13:30:06] request.CRITICAL: Uncaught PHP Exception Symfony\Component\Debug\Exception\FatalErrorException: "Error: Maximum execution time of 120 seconds exceeded" at C:\wamp\www\prestashop\src\Adapter\Requirement\CheckMissingOrUpdatedFiles.php line 70 {"exception":"[object] (Symfony\\Component\\Debug\\Exception\\FatalErrorException(code: 0): Error: Maximum execution time of 120 seconds exceeded at C:\\wamp\\www\\prestashop\\src\\Adapter\\Requirement\\CheckMissingOrUpdatedFiles.php:70)"} []
[2022-02-20 13:30:06] security.DEBUG: Stored the security token in the session. {"key":"_security_main"} []
[2022-02-20 13:28:06] request.INFO: Matched route "admin_common_notifications". {"route":"admin_common_notifications","route_parameters":{"_controller":"PrestaShopBundle\\Controller\\Admin\\CommonController::notificationsAction","_legacy_controller":"AdminCommon","_legacy_link":"AdminCommon","_route":"admin_common_notifications"},"request_uri":"http://localhost/prestashop/admin330dmdugp/index.php/common/notifications?_token=av2SyiMDxKWN63Xu7lv43gM2W3hc5l-hrR_FvcZW1Lk&rand=1645360086253","method":"POST"} []
[2022-02-20 13:30:06] request.CRITICAL: Uncaught PHP Exception Symfony\Component\Debug\Exception\FatalErrorException: "Error: Maximum execution time of 120 seconds exceeded" at C:\wamp\www\prestashop\vendor\symfony\symfony\src\Symfony\Component\HttpFoundation\Session\Storage\Handler\StrictSessionHandler.php line 48 {"exception":"[object] (Symfony\\Component\\Debug\\Exception\\FatalErrorException(code: 0): Error: Maximum execution time of 120 seconds exceeded at C:\\wamp\\www\\prestashop\\vendor\\symfony\\symfony\\src\\Symfony\\Component\\HttpFoundation\\Session\\Storage\\Handler\\StrictSessionHandler.php:48)"} []
[2022-02-20 13:30:06] request.CRITICAL: Exception thrown when handling an exception (Twig\Error\RuntimeError: An exception has been thrown during the rendering of a template ("Failed to start the session: already started by PHP."). at C:\wamp\www\prestashop\src\PrestaShopBundle\Resources\views\Admin\Exception\error.html.twig line 60) {"exception":"[object] (Twig\\Error\\RuntimeError(code: 0): An exception has been thrown during the rendering of a template (\"Failed to start the session: already started by PHP.\"). at C:\\wamp\\www\\prestashop\\src\\PrestaShopBundle\\Resources\\views\\Admin\\Exception\\error.html.twig:60, RuntimeException(code: 0): Failed to start the session: already started by PHP. at C:\\wamp\\www\\prestashop\\vendor\\symfony\\symfony\\src\\Symfony\\Component\\HttpFoundation\\Session\\Storage\\NativeSessionStorage.php:141)"} []
